<?xml version="1.0" encoding="UTF-8"?>
<!-- Generated by org.testng.reporters.JUnitXMLReporter -->
<testsuite hostname="BDC6-DX-6FF9NK2" ignored="0" name="Default test" tests="4" failures="0" timestamp="23 Sep 2019 09:31:45 GMT" time="28.665" errors="0">
  <testcase name="testRegistration" time="3.748" classname="testmeapp.tests.onlineshoppingtest"/>
  <testcase name="testLogin" time="0.641" classname="testmeapp.tests.onlineshoppingtest"/>
  <testcase name="testCart" time="4.826" classname="testmeapp.tests.onlineshoppingtest"/>
  <testcase name="testPayment" time="11.5" classname="testmeapp.tests.onlineshoppingtest"/>
</testsuite> <!-- Default test -->
